c:\users\marci\source\repos\martonchess\martonchess\debug\martonchess.pch
c:\users\marci\source\repos\martonchess\martonchess\debug\vc140.pdb
c:\users\marci\source\repos\martonchess\martonchess\debug\vc140.idb
c:\users\marci\source\repos\martonchess\martonchess\debug\stdafx.obj
c:\users\marci\source\repos\martonchess\martonchess\debug\castling.obj
c:\users\marci\source\repos\martonchess\martonchess\debug\castlingtype.obj
c:\users\marci\source\repos\martonchess\martonchess\debug\color.obj
c:\users\marci\source\repos\martonchess\martonchess\debug\evaluation.obj
c:\users\marci\source\repos\martonchess\martonchess\debug\fenstring.obj
c:\users\marci\source\repos\martonchess\martonchess\debug\file.obj
c:\users\marci\source\repos\martonchess\martonchess\debug\main.obj
c:\users\marci\source\repos\martonchess\martonchess\debug\martonchess.obj
c:\users\marci\source\repos\martonchess\martonchess\debug\move.obj
c:\users\marci\source\repos\martonchess\martonchess\debug\movegenerator.obj
c:\users\marci\source\repos\martonchess\martonchess\debug\movelist.obj
c:\users\marci\source\repos\martonchess\martonchess\debug\movetype.obj
c:\users\marci\source\repos\martonchess\martonchess\debug\piece.obj
c:\users\marci\source\repos\martonchess\martonchess\debug\piecetype.obj
c:\users\marci\source\repos\martonchess\martonchess\debug\position.obj
c:\users\marci\source\repos\martonchess\martonchess\debug\rank.obj
c:\users\marci\source\repos\martonchess\martonchess\debug\search.obj
c:\users\marci\source\repos\martonchess\martonchess\debug\semaphore.obj
c:\users\marci\source\repos\martonchess\martonchess\debug\square.obj
c:\users\marci\source\repos\martonchess\martonchess\debug\value.obj
c:\users\marci\source\repos\martonchess\martonchess\debug\bitboard.obj
c:\users\marci\source\repos\martonchess\martonchess\debug\timer.obj
c:\users\marci\source\repos\martonchess\martonchess\debug\martonchess.ilk
c:\users\marci\source\repos\martonchess\martonchess\debug\martonchess.exe
c:\users\marci\source\repos\martonchess\martonchess\debug\martonchess.pdb
c:\users\marci\source\repos\martonchess\martonchess\debug\martonchess.tlog\cl.command.1.tlog
c:\users\marci\source\repos\martonchess\martonchess\debug\martonchess.tlog\cl.read.1.tlog
c:\users\marci\source\repos\martonchess\martonchess\debug\martonchess.tlog\cl.write.1.tlog
c:\users\marci\source\repos\martonchess\martonchess\debug\martonchess.tlog\link.command.1.tlog
c:\users\marci\source\repos\martonchess\martonchess\debug\martonchess.tlog\link.read.1.tlog
c:\users\marci\source\repos\martonchess\martonchess\debug\martonchess.tlog\link.write.1.tlog
